[00:53:09] [Client thread/INFO]: Setting user: Player991
[00:53:17] [Client thread/WARN]: Skipping bad option: lastServer:
[00:53:17] [Client thread/INFO]: LWJGL Version: 2.9.4
[00:53:24] [Client thread/INFO]: Reloading ResourceManager: Default, FMLFileResourcePack:Forge Mod Loader, FMLFileResourcePack:Minecraft Forge, FMLFileResourcePack:myFirstMod, FMLFileResourcePack:Baubles, FMLFileResourcePack:Just Enough Items, FMLFileResourcePack:waila
[00:53:27] [Sound Library Loader/INFO]: Starting up SoundSystem...
[00:53:28] [Thread-7/INFO]: Initializing LWJGL OpenAL
[00:53:28] [Thread-7/INFO]: (The LWJGL binding of OpenAL.  For more information, see http://www.lwjgl.org)
[00:53:28] [Thread-7/INFO]: OpenAL initialized.
[00:53:28] [Sound Library Loader/INFO]: Sound engine started
[00:53:32] [Client thread/INFO]: Created: 16x16 textures-atlas
[00:53:35] [Client thread/INFO]: [STDOUT]: TrueTypeFont loaded: java.awt.Font[family=Minecraftia,name=Minecraftia Regular,style=plain,size=14] - AntiAlias = true
[00:53:37] [Client thread/INFO]: Reloading ResourceManager: Default, FMLFileResourcePack:Forge Mod Loader, FMLFileResourcePack:Minecraft Forge, FMLFileResourcePack:myFirstMod, FMLFileResourcePack:Baubles, FMLFileResourcePack:Just Enough Items, FMLFileResourcePack:waila
[00:53:38] [Client thread/INFO]: SoundSystem shutting down...
[00:53:38] [Client thread/WARN]: Author: Paul Lamb, www.paulscode.com
[00:53:38] [Sound Library Loader/INFO]: Starting up SoundSystem...
[00:53:38] [Thread-10/INFO]: Initializing LWJGL OpenAL
[00:53:38] [Thread-10/INFO]: (The LWJGL binding of OpenAL.  For more information, see http://www.lwjgl.org)
[00:53:38] [Thread-10/INFO]: OpenAL initialized.
[00:53:38] [Sound Library Loader/INFO]: Sound engine started
[00:53:40] [Client thread/INFO]: Created: 512x512 textures-atlas
[00:53:43] [Client thread/WARN]: Skipping bad option: lastServer:
[00:53:44] [Realms Notification Availability checker #1/INFO]: Could not authorize you against Realms server: Invalid session id
[00:53:49] [Server thread/INFO]: Starting integrated minecraft server version 1.11.2
[00:53:49] [Server thread/INFO]: Generating keypair
[00:53:50] [Server thread/INFO]: Preparing start region for level 0
[00:53:52] [Server thread/INFO]: Preparing spawn area: 0%
[00:53:53] [Server thread/INFO]: Preparing spawn area: 21%
[00:53:54] [Server thread/INFO]: Preparing spawn area: 49%
[00:53:55] [Server thread/INFO]: Preparing spawn area: 81%
[00:53:56] [Server thread/INFO]: Changing view distance to 12, from 10
[00:53:59] [Server thread/INFO]: Player991[local:E:bac72f20] logged in with entity id 457 at (153.38812287943952, 72.0, 261.4588289781372)
[00:54:00] [Server thread/INFO]: Player991 joined the game
[00:54:04] [Server thread/INFO]: Saving and pausing game...
[00:54:04] [Server thread/INFO]: Saving chunks for level 'New World'/Overworld
[00:54:05] [Server thread/INFO]: Saving chunks for level 'New World'/Nether
[00:54:05] [Server thread/INFO]: Saving chunks for level 'New World'/The End
[00:54:05] [Server thread/WARN]: Can't keep up! Did the system time change, or is the server overloaded? Running 7015ms behind, skipping 140 tick(s)
[00:54:05] [pool-2-thread-1/WARN]: Couldn't look up profile properties for com.mojang.authlib.GameProfile@4370bb41[id=fe171829-6121-3106-a1a5-6a3600a4ef7d,name=Player991,properties={},legacy=false]
com.mojang.authlib.exceptions.AuthenticationException: The client has sent too many requests within a certain amount of time
	at com.mojang.authlib.yggdrasil.YggdrasilAuthenticationService.makeRequest(YggdrasilAuthenticationService.java:79) ~[YggdrasilAuthenticationService.class:?]
	at com.mojang.authlib.yggdrasil.YggdrasilMinecraftSessionService.fillGameProfile(YggdrasilMinecraftSessionService.java:180) [YggdrasilMinecraftSessionService.class:?]
	at com.mojang.authlib.yggdrasil.YggdrasilMinecraftSessionService$1.load(YggdrasilMinecraftSessionService.java:60) [YggdrasilMinecraftSessionService$1.class:?]
	at com.mojang.authlib.yggdrasil.YggdrasilMinecraftSessionService$1.load(YggdrasilMinecraftSessionService.java:57) [YggdrasilMinecraftSessionService$1.class:?]
	at com.google.common.cache.LocalCache$LoadingValueReference.loadFuture(LocalCache.java:3524) [guava-17.0.jar:?]
	at com.google.common.cache.LocalCache$Segment.loadSync(LocalCache.java:2317) [guava-17.0.jar:?]
	at com.google.common.cache.LocalCache$Segment.lockedGetOrLoad(LocalCache.java:2280) [guava-17.0.jar:?]
	at com.google.common.cache.LocalCache$Segment.get(LocalCache.java:2195) [guava-17.0.jar:?]
	at com.google.common.cache.LocalCache.get(LocalCache.java:3934) [guava-17.0.jar:?]
	at com.google.common.cache.LocalCache.getOrLoad(LocalCache.java:3938) [guava-17.0.jar:?]
	at com.google.common.cache.LocalCache$LocalLoadingCache.get(LocalCache.java:4821) [guava-17.0.jar:?]
	at com.google.common.cache.LocalCache$LocalLoadingCache.getUnchecked(LocalCache.java:4827) [guava-17.0.jar:?]
	at com.mojang.authlib.yggdrasil.YggdrasilMinecraftSessionService.fillProfileProperties(YggdrasilMinecraftSessionService.java:170) [YggdrasilMinecraftSessionService.class:?]
	at net.minecraft.client.Minecraft.getProfileProperties(Minecraft.java:3056) [Minecraft.class:?]
	at net.minecraft.client.resources.SkinManager$3.run(SkinManager.java:138) [SkinManager$3.class:?]
	at java.util.concurrent.Executors$RunnableAdapter.call(Executors.java:511) [?:1.8.0_131]
	at java.util.concurrent.FutureTask.run(FutureTask.java:266) [?:1.8.0_131]
	at java.util.concurrent.ThreadPoolExecutor.runWorker(ThreadPoolExecutor.java:1142) [?:1.8.0_131]
	at java.util.concurrent.ThreadPoolExecutor$Worker.run(ThreadPoolExecutor.java:617) [?:1.8.0_131]
	at java.lang.Thread.run(Thread.java:748) [?:1.8.0_131]
[00:54:11] [Server thread/INFO]: Player991 has just earned the achievement [Taking Inventory]
[00:54:11] [Client thread/INFO]: [CHAT] Player991 has just earned the achievement [Taking Inventory]
[00:54:20] [Server thread/WARN]: Can't keep up! Did the system time change, or is the server overloaded? Running 5461ms behind, skipping 109 tick(s)
[00:54:24] [Server thread/INFO]: Saving and pausing game...
[00:54:24] [Server thread/INFO]: Saving chunks for level 'New World'/Overworld
[00:54:25] [Server thread/INFO]: Saving chunks for level 'New World'/Nether
[00:54:25] [Server thread/INFO]: Saving chunks for level 'New World'/The End
[00:54:26] [Server thread/INFO]: Stopping server
[00:54:26] [Server thread/INFO]: Saving players
[00:54:26] [Server thread/INFO]: Player991 lost connection: TextComponent{text='Disconnected', siblings=[], style=Style{hasParent=false, color=null, bold=null, italic=null, underlined=null, obfuscated=null, clickEvent=null, hoverEvent=null, insertion=null}}
[00:54:26] [Server thread/INFO]: Player991 left the game
[00:54:26] [Server thread/INFO]: Stopping singleplayer server as player logged out
[00:54:26] [Server thread/INFO]: Saving worlds
[00:54:26] [Server thread/INFO]: Saving chunks for level 'New World'/Overworld
[00:54:26] [Server thread/INFO]: Saving chunks for level 'New World'/Nether
[00:54:26] [Server thread/INFO]: Saving chunks for level 'New World'/The End
[00:54:35] [Client thread/INFO]: Stopping!
[00:54:35] [Client thread/INFO]: SoundSystem shutting down...
[00:54:35] [Client thread/WARN]: Author: Paul Lamb, www.paulscode.com
